<?xml version="1.0" encoding="UTF-8"?>
<!-- Generated by org.testng.reporters.JUnitReportReporter -->
<testsuite hostname="LAPTOP-B992BI1B" failures="0" tests="1" name="com.nopCommerce.testcases.TC_LoginTest_001" time="12.671" errors="0" timestamp="2022-07-14T16:18:28 IST" skipped="0">
  <testcase classname="com.nopCommerce.testcases.TC_LoginTest_001" name="loginTest" time="12.671"/>
  <system-out/>
</testsuite> <!-- com.nopCommerce.testcases.TC_LoginTest_001 -->
