<?xml version="1.0" encoding="UTF-8"?>
<!-- Generated by org.testng.reporters.JUnitReportReporter -->
<testsuite hostname="LAPTOP-B992BI1B" failures="0" tests="1" name="com.nopCommerce.testcases.TC_Addcustomertest_003" time="89.659" errors="0" timestamp="2022-07-15T22:08:46 IST" skipped="0">
  <testcase classname="com.nopCommerce.testcases.TC_Addcustomertest_003" name="addNewCustomer" time="89.659"/>
  <system-out/>
</testsuite> <!-- com.nopCommerce.testcases.TC_Addcustomertest_003 -->
