<?xml version="1.0" encoding="UTF-8"?>
<!-- Generated by org.testng.reporters.JUnitReportReporter -->
<testsuite hostname="LAPTOP-B992BI1B" failures="0" tests="1" name="com.nopCommerce.testcases.TC_LoginTest_001" time="66.237" errors="0" timestamp="2022-07-15T22:08:46 IST" skipped="0">
  <testcase classname="com.nopCommerce.testcases.TC_LoginTest_001" name="loginTest" time="66.237"/>
  <system-out/>
</testsuite> <!-- com.nopCommerce.testcases.TC_LoginTest_001 -->
